#
# A fatal error has been detected by the Java Runtime Environment:
#
#  EXCEPTION_ACCESS_VIOLATION (0xc0000005) at pc=0x00007ff8900f0080, pid=33060, tid=32360
#
# JRE version: Java(TM) SE Runtime Environment (17.0.4.1+1) (build 17.0.4.1+1-LTS-2)
# Java VM: Java HotSpot(TM) 64-Bit Server VM (17.0.4.1+1-LTS-2, mixed mode, sharing, tiered, compressed oops, compressed class ptrs, g1 gc, windows-amd64)
# Problematic frame:
# V  [jvm.dll+0x2a0080]
#
# No core dump will be written. Minidumps are not enabled by default on client versions of Windows
#
# If you would like to submit a bug report, please visit:
#   https://bugreport.java.com/bugreport/crash.jsp
#

---------------  S U M M A R Y ------------

Command Line: --add-modules=javafx.base,javafx.controls,javafx.fxml,javafx.graphics --module-path=C:\Users\udits\.gradle\caches\modules-2\files-2.1\org.openjfx\javafx-fxml\19\abc5441a6421ceac26bb512e96351bf641ee6004\javafx-fxml-19-win.jar;C:\Users\udits\.gradle\caches\modules-2\files-2.1\org.openjfx\javafx-controls\19\1227311caf209b428591fb7d2cca27e25f06f0b4\javafx-controls-19-win.jar;C:\Users\udits\.gradle\caches\modules-2\files-2.1\org.openjfx\javafx-graphics\19\8e98e30310844cd501f4e03fa3415f6d897c7215\javafx-graphics-19-win.jar;C:\Users\udits\.gradle\caches\modules-2\files-2.1\org.openjfx\javafx-base\19\430bec8a362edb04667972905a7cb34cb165d6d\javafx-base-19-win.jar -Dfile.encoding=windows-1252 -Duser.country=GB -Duser.language=en -Duser.variant VendingMachine.Main

Host: AMD Ryzen 5 5600H with Radeon Graphics         , 12 cores, 13G,  Windows 11 , 64 bit Build 22621 (10.0.22621.746)
Time: Wed Nov  2 18:56:43 2022 AUS Eastern Summer Time elapsed time: 0.888347 seconds (0d 0h 0m 0s)

---------------  T H R E A D  ---------------

Current thread (0x000001278303e490):  JavaThread "JavaFX Application Thread" [_thread_in_vm, id=32360, stack(0x00000022a3500000,0x00000022a3600000)]

Stack: [0x00000022a3500000,0x00000022a3600000],  sp=0x00000022a35fdbc0,  free space=1014k
Native frames: (J=compiled Java code, j=interpreted, Vv=VM code, C=native code)
V  [jvm.dll+0x2a0080]
V  [jvm.dll+0x2a064c]
V  [jvm.dll+0x74d31f]
V  [jvm.dll+0x74d488]
V  [jvm.dll+0x6ed9d1]
V  [jvm.dll+0x74a53e]
V  [jvm.dll+0x12117b]
V  [jvm.dll+0x74b0a2]
V  [jvm.dll+0x559c0c]
V  [jvm.dll+0x559a56]
V  [jvm.dll+0x37f4a7]
C  0x00000127e77db443

Java frames: (J=compiled Java code, j=interpreted, Vv=VM code)
j  com.sun.javafx.tk.quantum.QuantumToolkit.exit()V+21 javafx.graphics@19
j  com.sun.javafx.application.PlatformImpl.lambda$tkExit$16()V+3 javafx.graphics@19
j  com.sun.javafx.application.PlatformImpl$$Lambda$94+0x0000000800c9c268.run()V+0 javafx.graphics@19
j  com.sun.javafx.application.PlatformImpl.lambda$runAndWait$12(Ljava/lang/Runnable;Ljava/util/concurrent/CountDownLatch;)V+1 javafx.graphics@19
j  com.sun.javafx.application.PlatformImpl$$Lambda$84+0x0000000800c3f640.run()V+8 javafx.graphics@19
j  com.sun.javafx.application.PlatformImpl.lambda$runLater$10(Ljava/lang/Runnable;)Ljava/lang/Void;+1 javafx.graphics@19
j  com.sun.javafx.application.PlatformImpl$$Lambda$86+0x0000000800c84688.run()Ljava/lang/Object;+4 javafx.graphics@19
j  java.security.AccessController.executePrivileged(Ljava/security/PrivilegedAction;Ljava/security/AccessControlContext;Ljava/lang/Class;)Ljava/lang/Object;+29 java.base@17.0.4.1
j  java.security.AccessController.doPrivileged(Ljava/security/PrivilegedAction;Ljava/security/AccessControlContext;)Ljava/lang/Object;+13 java.base@17.0.4.1
j  com.sun.javafx.application.PlatformImpl.lambda$runLater$11(Ljava/lang/Runnable;Ljava/security/AccessControlContext;)V+7 javafx.graphics@19
j  com.sun.javafx.application.PlatformImpl$$Lambda$85+0x0000000800c84000.run()V+8 javafx.graphics@19
j  com.sun.glass.ui.InvokeLaterDispatcher$Future.run()V+4 javafx.graphics@19
v  ~StubRoutines::call_stub
j  com.sun.glass.ui.win.WinApplication._runLoop(Ljava/lang/Runnable;)V+0 javafx.graphics@19
j  com.sun.glass.ui.win.WinApplication.lambda$runLoop$3(ILjava/lang/Runnable;)V+8 javafx.graphics@19
j  com.sun.glass.ui.win.WinApplication$$Lambda$74+0x0000000800c2bab8.run()V+12 javafx.graphics@19
j  java.lang.Thread.run()V+11 java.base@17.0.4.1
v  ~StubRoutines::call_stub

siginfo: EXCEPTION_ACCESS_VIOLATION (0xc0000005), reading address 0x0000000000000010


Register to memory mapping:

RIP=0x00007ff8900f0080 jvm.dll
RAX=0x0000000730001501 is pointing into object: [Ljava.lang.Object; 
{0x0000000730001488} - klass: 'java/lang/Object'[]
 - length: 41
RBX=0x0 is NULL
RCX=0x0 is NULL
RDX=0x000000072fa524e8 is an oop: java.security.ProtectionDomain 
{0x000000072fa524e8} - klass: 'java/security/ProtectionDomain'
 - ---- fields (total size 5 words):
 - private 'hasAllPerm' 'Z' @12  false
 - private final 'staticPermissions' 'Z' @13  false
 - private 'codesource' 'Ljava/security/CodeSource;' @16  a 'java/security/CodeSource'{0x000000072fa52108} (e5f4a421)
 - private 'classloader' 'Ljava/lang/ClassLoader;' @20  a 'jdk/internal/loader/ClassLoaders$AppClassLoader'{0x00000007300e2660} (e601c4cc)
 - private 'principals' '[Ljava/security/Principal;' @24  a 'java/security/Principal'[0] {0x000000072fa52520} (e5f4a4a4)
 - private 'permissions' 'Ljava/security/PermissionCollection;' @28  a 'sun/security/util/LazyCodeSourcePermissionCollection'{0x000000072fa52328} (e5f4a465)
 - final 'key' 'Ljava/security/ProtectionDomain$Key;' @32  a 'java/security/ProtectionDomain$Key'{0x000000072fa52510} (e5f4a4a2)
RSP=0x00000022a35fdbc0 is pointing into the stack for thread: 0x000001278303e490
RBP=0x0000000059e22fda atiumd6a.dll
RSI=0x0 is NULL
RDI=0x000000072fa524e8 is an oop: java.security.ProtectionDomain 
{0x000000072fa524e8} - klass: 'java/security/ProtectionDomain'
 - ---- fields (total size 5 words):
 - private 'hasAllPerm' 'Z' @12  false
 - private final 'staticPermissions' 'Z' @13  false
 - private 'codesource' 'Ljava/security/CodeSource;' @16  a 'java/security/CodeSource'{0x000000072fa52108} (e5f4a421)
 - private 'classloader' 'Ljava/lang/ClassLoader;' @20  a 'jdk/internal/loader/ClassLoaders$AppClassLoader'{0x00000007300e2660} (e601c4cc)
 - private 'principals' '[Ljava/security/Principal;' @24  a 'java/security/Principal'[0] {0x000000072fa52520} (e5f4a4a4)
 - private 'permissions' 'Ljava/security/PermissionCollection;' @28  a 'sun/security/util/LazyCodeSourcePermissionCollection'{0x000000072fa52328} (e5f4a465)
 - final 'key' 'Ljava/security/ProtectionDomain$Key;' @32  a 'java/security/ProtectionDomain$Key'{0x000000072fa52510} (e5f4a4a2)
R8 =0x00000008004a20e0 is pointing into metadata
R9 =0x0000012782905a48 points into unknown readable memory: 0x00000007300e2660 | 60 26 0e 30 07 00 00 00
R10=0x00000000000002c0 is an unknown value
R11=0x0000000400000000 is an unknown value
R12=0x0000000800167b68 is a pointer to class: 
java.util.function.Supplier {0x0000000800167b70}
 - instance size:     2
 - klass size:        63
 - access:            public interface abstract 
 - state:             linked
 - name:              'java/util/function/Supplier'
 - super:             'java/lang/Object'
 - sub:               
 - nof implementors:  2
 - arrays:            NULL
 - methods:           Array<T>(0x0000000800995590)
 - method ordering:   Array<T>(0x0000000800995588)
 - default_methods:   Array<T>(0x0000000000000000)
 - local interfaces:  Array<T>(0x00000008005cfbe0)
 - trans. interfaces: Array<T>(0x00000008005cfbe0)
 - constants:         constant pool [14] {0x00000008009955e0} for 'java/util/function/Supplier' cache=0x000000080032f4c8
 - class loader data:  loader data: 0x00000127ff6eb2b0 of 'bootstrap'
 - source file:       'Supplier.java'
 - class annotations:       Array<T>(0x00000008009956b0)
 - class type annotations:  Array<T>(0x0000000000000000)
 - field annotations:       Array<T>(0x0000000000000000)
 - field type annotations:  Array<T>(0x0000000000000000)
 - generic signature: '<T:Ljava/lang/Object;>Ljava/lang/Object;'
 - inner classes:     Array<T>(0x00000008005cfb70)
 - nest members:     Array<T>(0x00000008005cfb70)
 - permitted subclasses:     Array<T>(0x00000008005cfb70)
 - java mirror:       a 'java/lang/Class'{0x0000000730060b28} = 'java/util/function/Supplier'
 - vtable length      5  (start addr: 0x0000000800167d30)
 - itable length      0 (start addr: 0x0000000800167d58)
 - ---- static fields (0 words):
 - ---- non-static fields (0 words):
 - non-static oop maps: 
R13=0x0000012782942f00 points into unknown readable memory: 0x00000000000003f1 | f1 03 00 00 00 00 00 00
R14=0x000001278303e490 is a thread
R15=0x000001278303e490 is a thread


Registers:
RAX=0x0000000730001501, RBX=0x0000000000000000, RCX=0x0000000000000000, RDX=0x000000072fa524e8
RSP=0x00000022a35fdbc0, RBP=0x0000000059e22fda, RSI=0x0000000000000000, RDI=0x000000072fa524e8
R8 =0x00000008004a20e0, R9 =0x0000012782905a48, R10=0x00000000000002c0, R11=0x0000000400000000
R12=0x0000000800167b68, R13=0x0000012782942f00, R14=0x000001278303e490, R15=0x000001278303e490
RIP=0x00007ff8900f0080, EFLAGS=0x0000000000010206

Top of Stack: (sp=0x00000022a35fdbc0)
0x00000022a35fdbc0:   0000000000000001 00007ff96a291b06
0x00000022a35fdbd0:   0000000000000000 0000000000000020
0x00000022a35fdbe0:   0000012782905a38 00007ff8900f064c
0x00000022a35fdbf0:   0000012782905a48 00007ff8904b4eb0
0x00000022a35fdc00:   0000000000000020 00007ff890598976
0x00000022a35fdc10:   00000127829423a0 00000127dff4eb00
0x00000022a35fdc20:   00000127dff4eb00 00000127829423a0
0x00000022a35fdc30:   0000000000000020 00007ff88fef4b67
0x00000022a35fdc40:   0000000000000001 0000000059e22fda
0x00000022a35fdc50:   0000000800167b68 000001278293eb70
0x00000022a35fdc60:   000001278293ef48 0000000730060b28
0x00000022a35fdc70:   0000000000000000 0000000000000000
0x00000022a35fdc80:   0000000000000000 0000000000000000
0x00000022a35fdc90:   0000000000000000 0000000000000000
0x00000022a35fdca0:   0000000000000000 00000022a35fdcc1
0x00000022a35fdcb0:   0000000800167b68 00007ff8905a590e 

Instructions: (pc=0x00007ff8900f0080)
0x00007ff8900eff80:   48 89 6b 18 4c 89 73 20 bd 50 00 00 00 41 be 20
0x00007ff8900eff90:   00 00 00 48 8b 46 18 48 8b 5c 24 28 48 3b c3 48
0x00007ff8900effa0:   8b 43 08 75 13 48 8d 54 24 28 48 89 46 18 48 8b
0x00007ff8900effb0:   cf e8 4a aa d6 ff eb 16 48 8d 54 24 28 49 89 45
0x00007ff8900effc0:   08 48 8b cf e8 37 aa d6 ff eb 03 4c 8b eb 48 8b
0x00007ff8900effd0:   5b 08 48 89 5c 24 28 48 85 db 0f 85 70 fe ff ff
0x00007ff8900effe0:   48 8b 76 08 48 85 f6 0f 85 44 fe ff ff 48 8b 54
0x00007ff8900efff0:   24 30 44 8b 44 24 20 48 8b 4c 24 38 41 ff c0 48
0x00007ff8900f0000:   83 c1 08 44 89 44 24 20 48 89 4c 24 38 44 3b 02
0x00007ff8900f0010:   0f 8c 0a fe ff ff 4c 8b bc 24 00 01 00 00 4c 8b
0x00007ff8900f0020:   b4 24 08 01 00 00 4c 8b ac 24 10 01 00 00 4c 8b
0x00007ff8900f0030:   a4 24 18 01 00 00 48 8b b4 24 20 01 00 00 48 8b
0x00007ff8900f0040:   ac 24 28 01 00 00 48 8b 9c 24 50 01 00 00 48 8b
0x00007ff8900f0050:   8c 24 f0 00 00 00 48 33 cc e8 12 db 58 00 48 81
0x00007ff8900f0060:   c4 30 01 00 00 5f c3 cc cc cc cc cc cc cc cc cc
0x00007ff8900f0070:   48 89 5c 24 08 57 48 83 ec 20 48 8b d9 48 8b fa
0x00007ff8900f0080:   48 8b 49 10 48 8b 01 ff 90 e8 00 00 00 48 3b f8
0x00007ff8900f0090:   74 31 48 8b 5b 18 48 85 db 74 1b 0f 1f 44 00 00
0x00007ff8900f00a0:   48 8b cb e8 38 e2 3f 00 48 3b c7 74 16 48 8b 5b
0x00007ff8900f00b0:   08 48 85 db 75 ea 32 c0 48 8b 5c 24 30 48 83 c4
0x00007ff8900f00c0:   20 5f c3 48 8b 5c 24 30 b0 01 48 83 c4 20 5f c3
0x00007ff8900f00d0:   0f b6 05 71 a5 84 00 c3 cc cc cc cc cc cc cc cc
0x00007ff8900f00e0:   48 89 5c 24 08 57 48 83 ec 20 49 8b d9 44 8b ca
0x00007ff8900f00f0:   41 8b c1 33 d2 f7 31 48 8b 41 08 48 63 fa 48 8b
0x00007ff8900f0100:   3c f8 48 85 ff 74 18 44 39 0f 75 0a 48 8b 47 10
0x00007ff8900f0110:   4c 39 40 18 74 16 48 8b 7f 08 48 85 ff 75 e8 33
0x00007ff8900f0120:   c0 48 8b 5c 24 30 48 83 c4 20 5f c3 48 85 db 74
0x00007ff8900f0130:   1e 48 83 3b 00 74 18 e8 b4 4e 0e 00 84 c0 74 0f
0x00007ff8900f0140:   48 8b 13 48 8b cf e8 25 ff ff ff 84 c0 74 d0 48
0x00007ff8900f0150:   8b 47 10 48 8b 5c 24 30 48 83 c4 20 5f c3 cc cc
0x00007ff8900f0160:   44 8b d2 33 d2 41 8b c2 f7 31 48 8b 41 08 4c 63
0x00007ff8900f0170:   ca 4a 8b 04 c8 48 85 c0 74 19 44 39 10 75 0a 48 


Stack slot to memory mapping:
stack at sp + 0 slots: 0x0000000000000001 is an unknown value
stack at sp + 1 slots: 0x00007ff96a291b06 ucrtbase.dll
stack at sp + 2 slots: 0x0 is NULL
stack at sp + 3 slots: 0x0000000000000020 is an unknown value
stack at sp + 4 slots: 0x0000012782905a38 points into unknown readable memory: 0x000000072fa524e8 | e8 24 a5 2f 07 00 00 00
stack at sp + 5 slots: 0x00007ff8900f064c jvm.dll
stack at sp + 6 slots: 0x0000012782905a48 points into unknown readable memory: 0x00000007300e2660 | 60 26 0e 30 07 00 00 00
stack at sp + 7 slots: 0x00007ff8904b4eb0 jvm.dll


---------------  P R O C E S S  ---------------

Threads class SMR info:
_java_thread_list=0x0000012783bc0ef0, length=17, elements={
0x00000127dff53680, 0x00000127ff81fdb0, 0x00000127ff820870, 0x00000127ff836d20,
0x00000127ff8395f0, 0x00000127ff839eb0, 0x00000127ff83a770, 0x00000127ff83b410,
0x00000127ff83bd10, 0x00000127ff83c610, 0x00000127ff80a3e0, 0x00000127831a4930,
0x0000012782a57d40, 0x00000127836e68b0, 0x000001278303dfc0, 0x000001278303e490,
0x0000012783f7f140
}

Java Threads: ( => current thread )
  0x00000127dff53680 JavaThread "main" [_thread_blocked, id=29060, stack(0x00000022a1b00000,0x00000022a1c00000)]
  0x00000127ff81fdb0 JavaThread "Reference Handler" daemon [_thread_blocked, id=30116, stack(0x00000022a2200000,0x00000022a2300000)]
  0x00000127ff820870 JavaThread "Finalizer" daemon [_thread_blocked, id=21328, stack(0x00000022a2300000,0x00000022a2400000)]
  0x00000127ff836d20 JavaThread "Signal Dispatcher" daemon [_thread_blocked, id=25108, stack(0x00000022a2400000,0x00000022a2500000)]
  0x00000127ff8395f0 JavaThread "Attach Listener" daemon [_thread_blocked, id=28500, stack(0x00000022a2500000,0x00000022a2600000)]
  0x00000127ff839eb0 JavaThread "Service Thread" daemon [_thread_blocked, id=3032, stack(0x00000022a2600000,0x00000022a2700000)]
  0x00000127ff83a770 JavaThread "Monitor Deflation Thread" daemon [_thread_blocked, id=5752, stack(0x00000022a2700000,0x00000022a2800000)]
  0x00000127ff83b410 JavaThread "C2 CompilerThread0" daemon [_thread_blocked, id=29900, stack(0x00000022a2800000,0x00000022a2900000)]
  0x00000127ff83bd10 JavaThread "C1 CompilerThread0" daemon [_thread_blocked, id=36116, stack(0x00000022a2900000,0x00000022a2a00000)]
  0x00000127ff83c610 JavaThread "Sweeper thread" daemon [_thread_blocked, id=21680, stack(0x00000022a2a00000,0x00000022a2b00000)]
  0x00000127ff80a3e0 JavaThread "Common-Cleaner" daemon [_thread_blocked, id=33124, stack(0x00000022a2b00000,0x00000022a2c00000)]
  0x00000127831a4930 JavaThread "Notification Thread" daemon [_thread_blocked, id=34152, stack(0x00000022a2e00000,0x00000022a2f00000)]
  0x0000012782a57d40 JavaThread "JavaFX-Launcher" [_thread_blocked, id=13792, stack(0x00000022a3000000,0x00000022a3100000)]
  0x00000127836e68b0 JavaThread "QuantumRenderer-0" daemon [_thread_blocked, id=32776, stack(0x00000022a3100000,0x00000022a3200000)]
  0x000001278303dfc0 JavaThread "InvokeLaterDispatcher" daemon [_thread_blocked, id=31372, stack(0x00000022a3400000,0x00000022a3500000)]
=>0x000001278303e490 JavaThread "JavaFX Application Thread" [_thread_in_vm, id=32360, stack(0x00000022a3500000,0x00000022a3600000)]
  0x0000012783f7f140 JavaThread "Thread-2" daemon [_thread_in_native, id=17932, stack(0x00000022a3c00000,0x00000022a3d00000)]

Other Threads:
  0x00000127ff81a860 VMThread "VM Thread" [stack: 0x00000022a2100000,0x00000022a2200000] [id=31612]
  0x00000127dffe0a50 WatcherThread [stack: 0x00000022a2f00000,0x00000022a3000000] [id=36268]
  0x00000127dffb63d0 GCTaskThread "GC Thread#0" [stack: 0x00000022a1c00000,0x00000022a1d00000] [id=27848]
  0x00000127dffc50d0 ConcurrentGCThread "G1 Main Marker" [stack: 0x00000022a1d00000,0x00000022a1e00000] [id=28240]
  0x00000127dffc5c40 ConcurrentGCThread "G1 Conc#0" [stack: 0x00000022a1e00000,0x00000022a1f00000] [id=15628]
  0x00000127e0010aa0 ConcurrentGCThread "G1 Refine#0" [stack: 0x00000022a1f00000,0x00000022a2000000] [id=18336]
  0x00000127e0011270 ConcurrentGCThread "G1 Service" [stack: 0x00000022a2000000,0x00000022a2100000] [id=30672]

Threads with active compile tasks:

VM state: not at safepoint (normal execution)

VM Mutex/Monitor currently owned by a thread: None

Heap address: 0x0000000722400000, size: 3548 MB, Compressed Oops mode: Zero based, Oop shift amount: 3

CDS archive(s) mapped at: [0x0000000800000000-0x0000000800bc0000-0x0000000800bc0000), size 12320768, SharedBaseAddress: 0x0000000800000000, ArchiveRelocationMode: 0.
Compressed class space mapped at: 0x0000000800c00000-0x0000000840c00000, reserved size: 1073741824
Narrow klass base: 0x0000000800000000, Narrow klass shift: 0, Narrow klass range: 0x100000000

GC Precious Log:
 CPUs: 12 total, 12 available
 Memory: 14188M
 Large Page Support: Disabled
 NUMA Support: Disabled
 Compressed Oops: Enabled (Zero based)
 Heap Region Size: 2M
 Heap Min Capacity: 8M
 Heap Initial Capacity: 222M
 Heap Max Capacity: 3548M
 Pre-touch: Disabled
 Parallel Workers: 10
 Concurrent Workers: 3
 Concurrent Refinement Workers: 10
 Periodic GC: Disabled

Heap:
 garbage-first heap   total 227328K, used 18432K [0x0000000722400000, 0x0000000800000000)
  region size 2048K, 10 young (20480K), 0 survivors (0K)
 Metaspace       used 4066K, committed 4224K, reserved 1056768K
  class space    used 480K, committed 576K, reserved 1048576K

Heap Regions: E=young(eden), S=young(survivor), O=old, HS=humongous(starts), HC=humongous(continues), CS=collection set, F=free, OA=open archive, CA=closed archive, TAMS=top-at-mark-start (previous, next)
|   0|0x0000000722400000, 0x0000000722400000, 0x0000000722600000|  0%| F|  |TAMS 0x0000000722400000, 0x0000000722400000| Untracked 
|   1|0x0000000722600000, 0x0000000722600000, 0x0000000722800000|  0%| F|  |TAMS 0x0000000722600000, 0x0000000722600000| Untracked 
|   2|0x0000000722800000, 0x0000000722800000, 0x0000000722a00000|  0%| F|  |TAMS 0x0000000722800000, 0x0000000722800000| Untracked 
|   3|0x0000000722a00000, 0x0000000722a00000, 0x0000000722c00000|  0%| F|  |TAMS 0x0000000722a00000, 0x0000000722a00000| Untracked 
|   4|0x0000000722c00000, 0x0000000722c00000, 0x0000000722e00000|  0%| F|  |TAMS 0x0000000722c00000, 0x0000000722c00000| Untracked 
|   5|0x0000000722e00000, 0x0000000722e00000, 0x0000000723000000|  0%| F|  |TAMS 0x0000000722e00000, 0x0000000722e00000| Untracked 
|   6|0x0000000723000000, 0x0000000723000000, 0x0000000723200000|  0%| F|  |TAMS 0x0000000723000000, 0x0000000723000000| Untracked 
|   7|0x0000000723200000, 0x0000000723200000, 0x0000000723400000|  0%| F|  |TAMS 0x0000000723200000, 0x0000000723200000| Untracked 
|   8|0x0000000723400000, 0x0000000723400000, 0x0000000723600000|  0%| F|  |TAMS 0x0000000723400000, 0x0000000723400000| Untracked 
|   9|0x0000000723600000, 0x0000000723600000, 0x0000000723800000|  0%| F|  |TAMS 0x0000000723600000, 0x0000000723600000| Untracked 
|  10|0x0000000723800000, 0x0000000723800000, 0x0000000723a00000|  0%| F|  |TAMS 0x0000000723800000, 0x0000000723800000| Untracked 
|  11|0x0000000723a00000, 0x0000000723a00000, 0x0000000723c00000|  0%| F|  |TAMS 0x0000000723a00000, 0x0000000723a00000| Untracked 
|  12|0x0000000723c00000, 0x0000000723c00000, 0x0000000723e00000|  0%| F|  |TAMS 0x0000000723c00000, 0x0000000723c00000| Untracked 
|  13|0x0000000723e00000, 0x0000000723e00000, 0x0000000724000000|  0%| F|  |TAMS 0x0000000723e00000, 0x0000000723e00000| Untracked 
|  14|0x0000000724000000, 0x0000000724000000, 0x0000000724200000|  0%| F|  |TAMS 0x0000000724000000, 0x0000000724000000| Untracked 
|  15|0x0000000724200000, 0x0000000724200000, 0x0000000724400000|  0%| F|  |TAMS 0x0000000724200000, 0x0000000724200000| Untracked 
|  16|0x0000000724400000, 0x0000000724400000, 0x0000000724600000|  0%| F|  |TAMS 0x0000000724400000, 0x0000000724400000| Untracked 
|  17|0x0000000724600000, 0x0000000724600000, 0x0000000724800000|  0%| F|  |TAMS 0x0000000724600000, 0x0000000724600000| Untracked 
|  18|0x0000000724800000, 0x0000000724800000, 0x0000000724a00000|  0%| F|  |TAMS 0x0000000724800000, 0x0000000724800000| Untracked 
|  19|0x0000000724a00000, 0x0000000724a00000, 0x0000000724c00000|  0%| F|  |TAMS 0x0000000724a00000, 0x0000000724a00000| Untracked 
|  20|0x0000000724c00000, 0x0000000724c00000, 0x0000000724e00000|  0%| F|  |TAMS 0x0000000724c00000, 0x0000000724c00000| Untracked 
|  21|0x0000000724e00000, 0x0000000724e00000, 0x0000000725000000|  0%| F|  |TAMS 0x0000000724e00000, 0x0000000724e00000| Untracked 
|  22|0x0000000725000000, 0x0000000725000000, 0x0000000725200000|  0%| F|  |TAMS 0x0000000725000000, 0x0000000725000000| Untracked 
|  23|0x0000000725200000, 0x0000000725200000, 0x0000000725400000|  0%| F|  |TAMS 0x0000000725200000, 0x0000000725200000| Untracked 
|  24|0x0000000725400000, 0x0000000725400000, 0x0000000725600000|  0%| F|  |TAMS 0x0000000725400000, 0x0000000725400000| Untracked 
|  25|0x0000000725600000, 0x0000000725600000, 0x0000000725800000|  0%| F|  |TAMS 0x0000000725600000, 0x0000000725600000| Untracked 
|  26|0x0000000725800000, 0x0000000725800000, 0x0000000725a00000|  0%| F|  |TAMS 0x0000000725800000, 0x0000000725800000| Untracked 
|  27|0x0000000725a00000, 0x0000000725a00000, 0x0000000725c00000|  0%| F|  |TAMS 0x0000000725a00000, 0x0000000725a00000| Untracked 
|  28|0x0000000725c00000, 0x0000000725c00000, 0x0000000725e00000|  0%| F|  |TAMS 0x0000000725c00000, 0x0000000725c00000| Untracked 
|  29|0x0000000725e00000, 0x0000000725e00000, 0x0000000726000000|  0%| F|  |TAMS 0x0000000725e00000, 0x0000000725e00000| Untracked 
|  30|0x0000000726000000, 0x0000000726000000, 0x0000000726200000|  0%| F|  |TAMS 0x0000000726000000, 0x0000000726000000| Untracked 
|  31|0x0000000726200000, 0x0000000726200000, 0x0000000726400000|  0%| F|  |TAMS 0x0000000726200000, 0x0000000726200000| Untracked 
|  32|0x0000000726400000, 0x0000000726400000, 0x0000000726600000|  0%| F|  |TAMS 0x0000000726400000, 0x0000000726400000| Untracked 
|  33|0x0000000726600000, 0x0000000726600000, 0x0000000726800000|  0%| F|  |TAMS 0x0000000726600000, 0x0000000726600000| Untracked 
|  34|0x0000000726800000, 0x0000000726800000, 0x0000000726a00000|  0%| F|  |TAMS 0x0000000726800000, 0x0000000726800000| Untracked 
|  35|0x0000000726a00000, 0x0000000726a00000, 0x0000000726c00000|  0%| F|  |TAMS 0x0000000726a00000, 0x0000000726a00000| Untracked 
|  36|0x0000000726c00000, 0x0000000726c00000, 0x0000000726e00000|  0%| F|  |TAMS 0x0000000726c00000, 0x0000000726c00000| Untracked 
|  37|0x0000000726e00000, 0x0000000726e00000, 0x0000000727000000|  0%| F|  |TAMS 0x0000000726e00000, 0x0000000726e00000| Untracked 
|  38|0x0000000727000000, 0x0000000727000000, 0x0000000727200000|  0%| F|  |TAMS 0x0000000727000000, 0x0000000727000000| Untracked 
|  39|0x0000000727200000, 0x0000000727200000, 0x0000000727400000|  0%| F|  |TAMS 0x0000000727200000, 0x0000000727200000| Untracked 
|  40|0x0000000727400000, 0x0000000727400000, 0x0000000727600000|  0%| F|  |TAMS 0x0000000727400000, 0x0000000727400000| Untracked 
|  41|0x0000000727600000, 0x0000000727600000, 0x0000000727800000|  0%| F|  |TAMS 0x0000000727600000, 0x0000000727600000| Untracked 
|  42|0x0000000727800000, 0x0000000727800000, 0x0000000727a00000|  0%| F|  |TAMS 0x0000000727800000, 0x0000000727800000| Untracked 
|  43|0x0000000727a00000, 0x0000000727a00000, 0x0000000727c00000|  0%| F|  |TAMS 0x0000000727a00000, 0x0000000727a00000| Untracked 
|  44|0x0000000727c00000, 0x0000000727c00000, 0x0000000727e00000|  0%| F|  |TAMS 0x0000000727c00000, 0x0000000727c00000| Untracked 
|  45|0x0000000727e00000, 0x0000000727e00000, 0x0000000728000000|  0%| F|  |TAMS 0x0000000727e00000, 0x0000000727e00000| Untracked 
|  46|0x0000000728000000, 0x0000000728000000, 0x0000000728200000|  0%| F|  |TAMS 0x0000000728000000, 0x0000000728000000| Untracked 
|  47|0x0000000728200000, 0x0000000728200000, 0x0000000728400000|  0%| F|  |TAMS 0x0000000728200000, 0x0000000728200000| Untracked 
|  48|0x0000000728400000, 0x0000000728400000, 0x0000000728600000|  0%| F|  |TAMS 0x0000000728400000, 0x0000000728400000| Untracked 
|  49|0x0000000728600000, 0x0000000728600000, 0x0000000728800000|  0%| F|  |TAMS 0x0000000728600000, 0x0000000728600000| Untracked 
|  50|0x0000000728800000, 0x0000000728800000, 0x0000000728a00000|  0%| F|  |TAMS 0x0000000728800000, 0x0000000728800000| Untracked 
|  51|0x0000000728a00000, 0x0000000728a00000, 0x0000000728c00000|  0%| F|  |TAMS 0x0000000728a00000, 0x0000000728a00000| Untracked 
|  52|0x0000000728c00000, 0x0000000728c00000, 0x0000000728e00000|  0%| F|  |TAMS 0x0000000728c00000, 0x0000000728c00000| Untracked 
|  53|0x0000000728e00000, 0x0000000728e00000, 0x0000000729000000|  0%| F|  |TAMS 0x0000000728e00000, 0x0000000728e00000| Untracked 
|  54|0x0000000729000000, 0x0000000729000000, 0x0000000729200000|  0%| F|  |TAMS 0x0000000729000000, 0x0000000729000000| Untracked 
|  55|0x0000000729200000, 0x0000000729200000, 0x0000000729400000|  0%| F|  |TAMS 0x0000000729200000, 0x0000000729200000| Untracked 
|  56|0x0000000729400000, 0x0000000729400000, 0x0000000729600000|  0%| F|  |TAMS 0x0000000729400000, 0x0000000729400000| Untracked 
|  57|0x0000000729600000, 0x0000000729600000, 0x0000000729800000|  0%| F|  |TAMS 0x0000000729600000, 0x0000000729600000| Untracked 
|  58|0x0000000729800000, 0x0000000729800000, 0x0000000729a00000|  0%| F|  |TAMS 0x0000000729800000, 0x0000000729800000| Untracked 
|  59|0x0000000729a00000, 0x0000000729a00000, 0x0000000729c00000|  0%| F|  |TAMS 0x0000000729a00000, 0x0000000729a00000| Untracked 
|  60|0x0000000729c00000, 0x0000000729c00000, 0x0000000729e00000|  0%| F|  |TAMS 0x0000000729c00000, 0x0000000729c00000| Untracked 
|  61|0x0000000729e00000, 0x0000000729e00000, 0x000000072a000000|  0%| F|  |TAMS 0x0000000729e00000, 0x0000000729e00000| Untracked 
|  62|0x000000072a000000, 0x000000072a000000, 0x000000072a200000|  0%| F|  |TAMS 0x000000072a000000, 0x000000072a000000| Untracked 
|  63|0x000000072a200000, 0x000000072a200000, 0x000000072a400000|  0%| F|  |TAMS 0x000000072a200000, 0x000000072a200000| Untracked 
|  64|0x000000072a400000, 0x000000072a400000, 0x000000072a600000|  0%| F|  |TAMS 0x000000072a400000, 0x000000072a400000| Untracked 
|  65|0x000000072a600000, 0x000000072a600000, 0x000000072a800000|  0%| F|  |TAMS 0x000000072a600000, 0x000000072a600000| Untracked 
|  66|0x000000072a800000, 0x000000072a800000, 0x000000072aa00000|  0%| F|  |TAMS 0x000000072a800000, 0x000000072a800000| Untracked 
|  67|0x000000072aa00000, 0x000000072aa00000, 0x000000072ac00000|  0%| F|  |TAMS 0x000000072aa00000, 0x000000072aa00000| Untracked 
|  68|0x000000072ac00000, 0x000000072ac00000, 0x000000072ae00000|  0%| F|  |TAMS 0x000000072ac00000, 0x000000072ac00000| Untracked 
|  69|0x000000072ae00000, 0x000000072ae00000, 0x000000072b000000|  0%| F|  |TAMS 0x000000072ae00000, 0x000000072ae00000| Untracked 
|  70|0x000000072b000000, 0x000000072b000000, 0x000000072b200000|  0%| F|  |TAMS 0x000000072b000000, 0x000000072b000000| Untracked 
|  71|0x000000072b200000, 0x000000072b200000, 0x000000072b400000|  0%| F|  |TAMS 0x000000072b200000, 0x000000072b200000| Untracked 
|  72|0x000000072b400000, 0x000000072b400000, 0x000000072b600000|  0%| F|  |TAMS 0x000000072b400000, 0x000000072b400000| Untracked 
|  73|0x000000072b600000, 0x000000072b600000, 0x000000072b800000|  0%| F|  |TAMS 0x000000072b600000, 0x000000072b600000| Untracked 
|  74|0x000000072b800000, 0x000000072b800000, 0x000000072ba00000|  0%| F|  |TAMS 0x000000072b800000, 0x000000072b800000| Untracked 
|  75|0x000000072ba00000, 0x000000072ba00000, 0x000000072bc00000|  0%| F|  |TAMS 0x000000072ba00000, 0x000000072ba00000| Untracked 
|  76|0x000000072bc00000, 0x000000072bc00000, 0x000000072be00000|  0%| F|  |TAMS 0x000000072bc00000, 0x000000072bc00000| Untracked 
|  77|0x000000072be00000, 0x000000072be00000, 0x000000072c000000|  0%| F|  |TAMS 0x000000072be00000, 0x000000072be00000| Untracked 
|  78|0x000000072c000000, 0x000000072c000000, 0x000000072c200000|  0%| F|  |TAMS 0x000000072c000000, 0x000000072c000000| Untracked 
|  79|0x000000072c200000, 0x000000072c200000, 0x000000072c400000|  0%| F|  |TAMS 0x000000072c200000, 0x000000072c200000| Untracked 
|  80|0x000000072c400000, 0x000000072c400000, 0x000000072c600000|  0%| F|  |TAMS 0x000000072c400000, 0x000000072c400000| Untracked 
|  81|0x000000072c600000, 0x000000072c600000, 0x000000072c800000|  0%| F|  |TAMS 0x000000072c600000, 0x000000072c600000| Untracked 
|  82|0x000000072c800000, 0x000000072c800000, 0x000000072ca00000|  0%| F|  |TAMS 0x000000072c800000, 0x000000072c800000| Untracked 
|  83|0x000000072ca00000, 0x000000072ca00000, 0x000000072cc00000|  0%| F|  |TAMS 0x000000072ca00000, 0x000000072ca00000| Untracked 
|  84|0x000000072cc00000, 0x000000072cc00000, 0x000000072ce00000|  0%| F|  |TAMS 0x000000072cc00000, 0x000000072cc00000| Untracked 
|  85|0x000000072ce00000, 0x000000072ce00000, 0x000000072d000000|  0%| F|  |TAMS 0x000000072ce00000, 0x000000072ce00000| Untracked 
|  86|0x000000072d000000, 0x000000072d000000, 0x000000072d200000|  0%| F|  |TAMS 0x000000072d000000, 0x000000072d000000| Untracked 
|  87|0x000000072d200000, 0x000000072d200000, 0x000000072d400000|  0%| F|  |TAMS 0x000000072d200000, 0x000000072d200000| Untracked 
|  88|0x000000072d400000, 0x000000072d400000, 0x000000072d600000|  0%| F|  |TAMS 0x000000072d400000, 0x000000072d400000| Untracked 
|  89|0x000000072d600000, 0x000000072d600000, 0x000000072d800000|  0%| F|  |TAMS 0x000000072d600000, 0x000000072d600000| Untracked 
|  90|0x000000072d800000, 0x000000072d800000, 0x000000072da00000|  0%| F|  |TAMS 0x000000072d800000, 0x000000072d800000| Untracked 
|  91|0x000000072da00000, 0x000000072da00000, 0x000000072dc00000|  0%| F|  |TAMS 0x000000072da00000, 0x000000072da00000| Untracked 
|  92|0x000000072dc00000, 0x000000072dc00000, 0x000000072de00000|  0%| F|  |TAMS 0x000000072dc00000, 0x000000072dc00000| Untracked 
|  93|0x000000072de00000, 0x000000072de00000, 0x000000072e000000|  0%| F|  |TAMS 0x000000072de00000, 0x000000072de00000| Untracked 
|  94|0x000000072e000000, 0x000000072e000000, 0x000000072e200000|  0%| F|  |TAMS 0x000000072e000000, 0x000000072e000000| Untracked 
|  95|0x000000072e200000, 0x000000072e200000, 0x000000072e400000|  0%| F|  |TAMS 0x000000072e200000, 0x000000072e200000| Untracked 
|  96|0x000000072e400000, 0x000000072e400000, 0x000000072e600000|  0%| F|  |TAMS 0x000000072e400000, 0x000000072e400000| Untracked 
|  97|0x000000072e600000, 0x000000072e600000, 0x000000072e800000|  0%| F|  |TAMS 0x000000072e600000, 0x000000072e600000| Untracked 
|  98|0x000000072e800000, 0x000000072e800000, 0x000000072ea00000|  0%| F|  |TAMS 0x000000072e800000, 0x000000072e800000| Untracked 
|  99|0x000000072ea00000, 0x000000072ea00000, 0x000000072ec00000|  0%| F|  |TAMS 0x000000072ea00000, 0x000000072ea00000| Untracked 
| 100|0x000000072ec00000, 0x000000072ec00000, 0x000000072ee00000|  0%| F|  |TAMS 0x000000072ec00000, 0x000000072ec00000| Untracked 
| 101|0x000000072ee00000, 0x000000072f000000, 0x000000072f000000|100%| E|  |TAMS 0x000000072ee00000, 0x000000072ee00000| Complete 
| 102|0x000000072f000000, 0x000000072f200000, 0x000000072f200000|100%| E|CS|TAMS 0x000000072f000000, 0x000000072f000000| Complete 
| 103|0x000000072f200000, 0x000000072f400000, 0x000000072f400000|100%| E|CS|TAMS 0x000000072f200000, 0x000000072f200000| Complete 
| 104|0x000000072f400000, 0x000000072f600000, 0x000000072f600000|100%| E|CS|TAMS 0x000000072f400000, 0x000000072f400000| Complete 
| 105|0x000000072f600000, 0x000000072f800000, 0x000000072f800000|100%| E|CS|TAMS 0x000000072f600000, 0x000000072f600000| Complete 
| 106|0x000000072f800000, 0x000000072fa00000, 0x000000072fa00000|100%| E|CS|TAMS 0x000000072f800000, 0x000000072f800000| Complete 
| 107|0x000000072fa00000, 0x000000072fc00000, 0x000000072fc00000|100%| E|CS|TAMS 0x000000072fa00000, 0x000000072fa00000| Complete 
| 108|0x000000072fc00000, 0x000000072fe00000, 0x000000072fe00000|100%| E|CS|TAMS 0x000000072fc00000, 0x000000072fc00000| Complete 
| 109|0x000000072fe00000, 0x0000000730000000, 0x0000000730000000|100%| E|CS|TAMS 0x000000072fe00000, 0x000000072fe00000| Complete 
| 110|0x0000000730000000, 0x0000000730200000, 0x0000000730200000|100%| E|CS|TAMS 0x0000000730000000, 0x0000000730000000| Complete 

Card table byte_map: [0x00000127f7410000,0x00000127f7b00000] _byte_map_base: 0x00000127f3afe000

Marking Bits (Prev, Next): (CMBitMap*) 0x00000127dffb69e0, (CMBitMap*) 0x00000127dffb6a20
 Prev Bits: [0x00000127f81f0000, 0x00000127fb960000)
 Next Bits: [0x00000127fb960000, 0x00000127ff0d0000)

Polling page: 0x00000127ddf40000

Metaspace:

Usage:
  Non-class:      3.50 MB used.
      Class:    480.21 KB used.
       Both:      3.97 MB used.

Virtual space:
  Non-class space:        8.00 MB reserved,       3.56 MB ( 45%) committed,  1 nodes.
      Class space:        1.00 GB reserved,     576.00 KB ( <1%) committed,  1 nodes.
             Both:        1.01 GB reserved,       4.12 MB ( <1%) committed. 

Chunk freelists:
   Non-Class:  1.95 MB
       Class:  3.38 MB
        Both:  5.33 MB

MaxMetaspaceSize: unlimited
CompressedClassSpaceSize: 1.00 GB
Initial GC threshold: 21.00 MB
Current GC threshold: 21.00 MB
CDS: on
MetaspaceReclaimPolicy: balanced
 - commit_granule_bytes: 65536.
 - commit_granule_words: 8192.
 - virtual_space_node_default_size: 1048576.
 - enlarge_chunks_in_place: 1.
 - new_chunks_are_fully_committed: 0.
 - uncommit_free_chunks: 1.
 - use_allocation_guard: 0.
 - handle_deallocations: 1.


Internal statistics:

num_allocs_failed_limit: 0.
num_arena_births: 86.
num_arena_deaths: 0.
num_vsnodes_births: 2.
num_vsnodes_deaths: 0.
num_space_committed: 66.
num_space_uncommitted: 0.
num_chunks_returned_to_freelist: 0.
num_chunks_taken_from_freelist: 202.
num_chunk_merges: 0.
num_chunk_splits: 137.
num_chunks_enlarged: 100.
num_purges: 0.
num_inconsistent_stats: 0.

CodeHeap 'non-profiled nmethods': size=120000Kb used=330Kb max_used=330Kb free=119669Kb
 bounds [0x00000127ef290000, 0x00000127ef500000, 0x00000127f67c0000]
CodeHeap 'profiled nmethods': size=120000Kb used=1269Kb max_used=1269Kb free=118730Kb
 bounds [0x00000127e7d60000, 0x00000127e7fd0000, 0x00000127ef290000]
CodeHeap 'non-nmethods': size=5760Kb used=1192Kb max_used=1207Kb free=4567Kb
 bounds [0x00000127e77c0000, 0x00000127e7a30000, 0x00000127e7d60000]
 total_blobs=1334 nmethods=841 adapters=406
 compilation: enabled
              stopped_count=0, restarted_count=0
 full_count=0

Compilation events (20 events):
Event: 0.868 Thread 0x00000127ff83b410  832       4       java.lang.AbstractStringBuilder::putStringAt (12 bytes)
Event: 0.869 Thread 0x00000127ff83b410 nmethod 832 0x00000127ef2e2390 code [0x00000127ef2e2520, 0x00000127ef2e26d8]
Event: 0.870 Thread 0x00000127ff83bd10  833       3       java.util.zip.ZipFile$InflaterCleanupAction::run (12 bytes)
Event: 0.870 Thread 0x00000127ff83bd10 nmethod 833 0x00000127e7e95710 code [0x00000127e7e958c0, 0x00000127e7e95a28]
Event: 0.870 Thread 0x00000127ff83bd10  834   !   3       java.util.zip.ZipFile$CleanableResource::releaseInflater (53 bytes)
Event: 0.870 Thread 0x00000127ff83bd10 nmethod 834 0x00000127e7e95b10 code [0x00000127e7e95ce0, 0x00000127e7e96108]
Event: 0.872 Thread 0x00000127ff83bd10  835       3       java.lang.Integer::stringSize (47 bytes)
Event: 0.872 Thread 0x00000127ff83bd10 nmethod 835 0x00000127e7e96310 code [0x00000127e7e964c0, 0x00000127e7e96718]
Event: 0.872 Thread 0x00000127ff83bd10  836       3       java.lang.Integer::getChars (131 bytes)
Event: 0.872 Thread 0x00000127ff83bd10 nmethod 836 0x00000127e7e96810 code [0x00000127e7e969e0, 0x00000127e7e96e18]
Event: 0.872 Thread 0x00000127ff83bd10  837       3       java.lang.invoke.DirectMethodHandle::<init> (148 bytes)
Event: 0.873 Thread 0x00000127ff83bd10 nmethod 837 0x00000127e7e97090 code [0x00000127e7e97340, 0x00000127e7e982a8]
Event: 0.873 Thread 0x00000127ff83bd10  838   !   3       java.util.concurrent.ConcurrentHashMap::computeIfAbsent (576 bytes)
Event: 0.874 Thread 0x00000127ff83bd10 nmethod 838 0x00000127e7e98790 code [0x00000127e7e98ba0, 0x00000127e7e9afb8]
Event: 0.874 Thread 0x00000127ff83bd10  839       3       jdk.internal.org.objectweb.asm.SymbolTable::addConstantNameAndType (137 bytes)
Event: 0.874 Thread 0x00000127ff83bd10 nmethod 839 0x00000127e7e9c090 code [0x00000127e7e9c2e0, 0x00000127e7e9ca28]
Event: 0.874 Thread 0x00000127ff83bd10  840       3       jdk.internal.org.objectweb.asm.SymbolTable$Entry::<init> (20 bytes)
Event: 0.874 Thread 0x00000127ff83bd10 nmethod 840 0x00000127e7e9ce90 code [0x00000127e7e9d020, 0x00000127e7e9d168]
Event: 0.874 Thread 0x00000127ff83bd10  841       3       java.lang.invoke.MethodType::toMethodDescriptorString (28 bytes)
Event: 0.875 Thread 0x00000127ff83bd10 nmethod 841 0x00000127e7e9d210 code [0x00000127e7e9d3c0, 0x00000127e7e9d5a8]

GC Heap History (0 events):
No events

Deoptimization events (20 events):
Event: 0.161 Thread 0x0000012782a57d40 DEOPT PACKING pc=0x00000127ef2aa0f4 sp=0x00000022a30feb30
Event: 0.161 Thread 0x0000012782a57d40 DEOPT UNPACKING pc=0x00000127e78123a3 sp=0x00000022a30fea40 mode 2
Event: 0.161 Thread 0x0000012782a57d40 Uncommon trap: trap_request=0xffffffde fr.pc=0x00000127ef2aa0f4 relative=0x0000000000000c74
Event: 0.161 Thread 0x0000012782a57d40 Uncommon trap: reason=class_check action=maybe_recompile pc=0x00000127ef2aa0f4 method=java.util.HashMap.putVal(ILjava/lang/Object;Ljava/lang/Object;ZZ)Ljava/lang/Object; @ 152 c2
Event: 0.161 Thread 0x0000012782a57d40 DEOPT PACKING pc=0x00000127ef2aa0f4 sp=0x00000022a30feb30
Event: 0.161 Thread 0x0000012782a57d40 DEOPT UNPACKING pc=0x00000127e78123a3 sp=0x00000022a30fea40 mode 2
Event: 0.161 Thread 0x0000012782a57d40 Uncommon trap: trap_request=0xffffffde fr.pc=0x00000127ef2aa0f4 relative=0x0000000000000c74
Event: 0.161 Thread 0x0000012782a57d40 Uncommon trap: reason=class_check action=maybe_recompile pc=0x00000127ef2aa0f4 method=java.util.HashMap.putVal(ILjava/lang/Object;Ljava/lang/Object;ZZ)Ljava/lang/Object; @ 152 c2
Event: 0.161 Thread 0x0000012782a57d40 DEOPT PACKING pc=0x00000127ef2aa0f4 sp=0x00000022a30feb30
Event: 0.161 Thread 0x0000012782a57d40 DEOPT UNPACKING pc=0x00000127e78123a3 sp=0x00000022a30fea40 mode 2
Event: 0.161 Thread 0x0000012782a57d40 Uncommon trap: trap_request=0xffffffde fr.pc=0x00000127ef2ab814 relative=0x0000000000000c94
Event: 0.161 Thread 0x0000012782a57d40 Uncommon trap: reason=class_check action=maybe_recompile pc=0x00000127ef2ab814 method=java.util.HashMap.putVal(ILjava/lang/Object;Ljava/lang/Object;ZZ)Ljava/lang/Object; @ 152 c2
Event: 0.161 Thread 0x0000012782a57d40 DEOPT PACKING pc=0x00000127ef2ab814 sp=0x00000022a30fea70
Event: 0.161 Thread 0x0000012782a57d40 DEOPT UNPACKING pc=0x00000127e78123a3 sp=0x00000022a30fea30 mode 2
Event: 0.321 Thread 0x0000012782a57d40 DEOPT PACKING pc=0x00000127e7e2cd8f sp=0x00000022a30fedd0
Event: 0.321 Thread 0x0000012782a57d40 DEOPT UNPACKING pc=0x00000127e7812b43 sp=0x00000022a30fe1f0 mode 0
Event: 0.613 Thread 0x000001278303e490 Uncommon trap: trap_request=0xffffff45 fr.pc=0x00000127ef2c2ee4 relative=0x00000000000002a4
Event: 0.613 Thread 0x000001278303e490 Uncommon trap: reason=unstable_if action=reinterpret pc=0x00000127ef2c2ee4 method=java.lang.invoke.VarHandle.checkExactAccessMode(Ljava/lang/invoke/VarHandle$AccessDescriptor;)V @ 4 c2
Event: 0.613 Thread 0x000001278303e490 DEOPT PACKING pc=0x00000127ef2c2ee4 sp=0x00000022a35fea90
Event: 0.613 Thread 0x000001278303e490 DEOPT UNPACKING pc=0x00000127e78123a3 sp=0x00000022a35fea00 mode 2

Classes unloaded (0 events):
No events

Classes redefined (0 events):
No events

Internal exceptions (11 events):
Event: 0.117 Thread 0x00000127dff53680 Exception <a 'java/lang/NoSuchMethodError'{0x000000072fac0bf0}: 'java.lang.Object java.lang.invoke.DirectMethodHandle$Holder.invokeStaticInit(java.lang.Object)'> (0x000000072fac0bf0) 
thrown [s\open\src\hotspot\share\interpreter\linkResolver.cpp, line 759]
Event: 0.120 Thread 0x00000127dff53680 Exception <a 'java/lang/NoSuchMethodError'{0x000000072fadead8}: 'java.lang.Object java.lang.invoke.DirectMethodHandle$Holder.newInvokeSpecial(java.lang.Object, java.lang.Object, java.lang.Object, java.lang.Object, java.lang.Object)'> (0x000000072fadead8) 
thrown [s\open\src\hotspot\share\interpreter\linkResolver.cpp, line 759]
Event: 0.121 Thread 0x0000012782a57d40 Exception <a 'java/lang/NoSuchMethodError'{0x000000072fb2ed80}: 'void java.lang.invoke.DirectMethodHandle$Holder.invokeStatic(java.lang.Object, java.lang.Object)'> (0x000000072fb2ed80) 
thrown [s\open\src\hotspot\share\interpreter\linkResolver.cpp, line 759]
Event: 0.346 Thread 0x0000012782a57d40 Exception <a 'java/lang/NoSuchMethodError'{0x000000072f526f58}: 'void java.lang.invoke.DirectMethodHandle$Holder.invokeSpecial(java.lang.Object, java.lang.Object, java.lang.Object)'> (0x000000072f526f58) 
thrown [s\open\src\hotspot\share\interpreter\linkResolver.cpp, line 759]
Event: 0.351 Thread 0x0000012782a57d40 Exception <a 'java/lang/NoSuchMethodError'{0x000000072f55dc38}: 'void java.lang.invoke.DirectMethodHandle$Holder.invokeStatic(java.lang.Object, java.lang.Object, java.lang.Object)'> (0x000000072f55dc38) 
thrown [s\open\src\hotspot\share\interpreter\linkResolver.cpp, line 759]
Event: 0.384 Thread 0x0000012782a57d40 Exception <a 'java/lang/NoSuchMethodError'{0x000000072f57a808}: 'int java.lang.invoke.DirectMethodHandle$Holder.invokeStaticInit(java.lang.Object, java.lang.Object, java.lang.Object)'> (0x000000072f57a808) 
thrown [s\open\src\hotspot\share\interpreter\linkResolver.cpp, line 759]
Event: 0.399 Thread 0x0000012782a57d40 Exception <a 'java/lang/NoSuchMethodError'{0x000000072f2d8278}: 'java.lang.Object java.lang.invoke.DirectMethodHandle$Holder.newInvokeSpecial(java.lang.Object, java.lang.Object, int, java.lang.Object)'> (0x000000072f2d8278) 
thrown [s\open\src\hotspot\share\interpreter\linkResolver.cpp, line 759]
Event: 0.400 Thread 0x0000012782a57d40 Exception <a 'java/lang/NoSuchMethodError'{0x000000072f2dc3b0}: 'java.lang.Object java.lang.invoke.DirectMethodHandle$Holder.invokeSpecial(java.lang.Object, java.lang.Object, java.lang.Object, int, java.lang.Object)'> (0x000000072f2dc3b0) 
thrown [s\open\src\hotspot\share\interpreter\linkResolver.cpp, line 759]
Event: 0.855 Thread 0x000001278303e490 Exception <a 'java/lang/NoSuchMethodError'{0x000000072f1c3370}: 'void java.lang.invoke.DirectMethodHandle$Holder.invokeStaticInit(java.lang.Object)'> (0x000000072f1c3370) 
thrown [s\open\src\hotspot\share\interpreter\linkResolver.cpp, line 759]
Event: 0.856 Thread 0x0000012782a57d40 Exception <a 'java/lang/NoSuchMethodError'{0x000000072f35e098}: 'void java.lang.invoke.DirectMethodHandle$Holder.invokeStatic(java.lang.Object, java.lang.Object, java.lang.Object, java.lang.Object)'> (0x000000072f35e098) 
thrown [s\open\src\hotspot\share\interpreter\linkResolver.cpp, line 759]
Event: 0.874 Thread 0x0000012783f7f140 Exception <a 'java/lang/NullPointerException'{0x000000072efe4d98}> (0x000000072efe4d98) 
thrown [s\open\src\hotspot\share\prims\jni.cpp, line 901]

VM Operations (6 events):
Event: 0.101 Executing VM operation: HandshakeAllThreads
Event: 0.101 Executing VM operation: HandshakeAllThreads done
Event: 0.102 Executing VM operation: HandshakeAllThreads
Event: 0.102 Executing VM operation: HandshakeAllThreads done
Event: 0.391 Executing VM operation: HandshakeAllThreads
Event: 0.391 Executing VM operation: HandshakeAllThreads done

Events (20 events):
Event: 0.614 loading class java/util/concurrent/ExecutionException done
Event: 0.615 loading class java/util/concurrent/FutureTask$WaitNode
Event: 0.615 loading class java/util/concurrent/FutureTask$WaitNode done
Event: 0.615 loading class java/util/concurrent/Executors$RunnableAdapter
Event: 0.615 loading class java/util/concurrent/Executors$RunnableAdapter done
Event: 0.851 loading class java/util/NoSuchElementException
Event: 0.851 loading class java/util/NoSuchElementException done
Event: 0.856 loading class java/util/AbstractList$Itr
Event: 0.856 loading class java/util/AbstractList$Itr done
Event: 0.856 loading class java/lang/NumberFormatException
Event: 0.856 loading class java/lang/NumberFormatException done
Event: 0.857 loading class java/util/concurrent/LinkedBlockingDeque$Node
Event: 0.857 loading class java/util/concurrent/LinkedBlockingDeque$Node done
Event: 0.869 loading class java/util/EventObject
Event: 0.869 loading class java/util/EventObject done
Event: 0.874 Thread 0x0000012783f7f140 Thread added: 0x0000012783f7f140
Event: 0.874 loading class java/lang/Throwable$WrappedPrintStream
Event: 0.874 loading class java/lang/Throwable$PrintStreamOrWriter
Event: 0.874 loading class java/lang/Throwable$PrintStreamOrWriter done
Event: 0.874 loading class java/lang/Throwable$WrappedPrintStream done


Dynamic libraries:
0x00007ff703120000 - 0x00007ff703130000 	C:\Program Files\Java\jdk-17.0.4.1\bin\java.exe
0x00007ff96ce50000 - 0x00007ff96d064000 	C:\WINDOWS\SYSTEM32\ntdll.dll
0x00007ff96c220000 - 0x00007ff96c2e2000 	C:\WINDOWS\System32\KERNEL32.DLL
0x00007ff96a620000 - 0x00007ff96a9bd000 	C:\WINDOWS\System32\KERNELBASE.dll
0x00007ff96a280000 - 0x00007ff96a391000 	C:\WINDOWS\System32\ucrtbase.dll
0x00007ff9260e0000 - 0x00007ff9260fa000 	C:\Program Files\Java\jdk-17.0.4.1\bin\VCRUNTIME140.dll
0x00007ff926120000 - 0x00007ff926138000 	C:\Program Files\Java\jdk-17.0.4.1\bin\jli.dll
0x00007ff96b560000 - 0x00007ff96b60e000 	C:\WINDOWS\System32\ADVAPI32.dll
0x00007ff96acd0000 - 0x00007ff96ad77000 	C:\WINDOWS\System32\msvcrt.dll
0x00007ff96c630000 - 0x00007ff96c6d4000 	C:\WINDOWS\System32\sechost.dll
0x00007ff96bba0000 - 0x00007ff96bcb5000 	C:\WINDOWS\System32\RPCRT4.dll
0x00007ff96c070000 - 0x00007ff96c21a000 	C:\WINDOWS\System32\USER32.dll
0x00007ff957560000 - 0x00007ff9577ee000 	C:\WINDOWS\WinSxS\amd64_microsoft.windows.common-controls_6595b64144ccf1df_6.0.22621.436_none_a94247dbc10d8414\COMCTL32.dll
0x00007ff96aa80000 - 0x00007ff96aaa6000 	C:\WINDOWS\System32\win32u.dll
0x00007ff96cde0000 - 0x00007ff96ce09000 	C:\WINDOWS\System32\GDI32.dll
0x00007ff96aab0000 - 0x00007ff96abc2000 	C:\WINDOWS\System32\gdi32full.dll
0x00007ff9616c0000 - 0x00007ff9616ca000 	C:\WINDOWS\SYSTEM32\VERSION.dll
0x00007ff96a580000 - 0x00007ff96a61a000 	C:\WINDOWS\System32\msvcp_win.dll
0x00007ff96bdc0000 - 0x00007ff96bdf2000 	C:\WINDOWS\System32\IMM32.DLL
0x00007ff926ea0000 - 0x00007ff926eac000 	C:\Program Files\Java\jdk-17.0.4.1\bin\vcruntime140_1.dll
0x00007ff8fffa0000 - 0x00007ff90002d000 	C:\Program Files\Java\jdk-17.0.4.1\bin\msvcp140.dll
0x00007ff88fe50000 - 0x00007ff890a12000 	C:\Program Files\Java\jdk-17.0.4.1\bin\server\jvm.dll
0x00007ff96ca40000 - 0x00007ff96ca48000 	C:\WINDOWS\System32\PSAPI.DLL
0x00007ff948220000 - 0x00007ff948229000 	C:\WINDOWS\SYSTEM32\WSOCK32.dll
0x00007ff95f080000 - 0x00007ff95f0b4000 	C:\WINDOWS\SYSTEM32\WINMM.dll
0x00007ff96c5b0000 - 0x00007ff96c621000 	C:\WINDOWS\System32\WS2_32.dll
0x00007ff969350000 - 0x00007ff969368000 	C:\WINDOWS\SYSTEM32\kernel.appcore.dll
0x00007ff926500000 - 0x00007ff92650a000 	C:\Program Files\Java\jdk-17.0.4.1\bin\jimage.dll
0x00007ff967d50000 - 0x00007ff967f7e000 	C:\WINDOWS\SYSTEM32\DBGHELP.DLL
0x00007ff96ca50000 - 0x00007ff96cdda000 	C:\WINDOWS\System32\combase.dll
0x00007ff96bcc0000 - 0x00007ff96bd97000 	C:\WINDOWS\System32\OLEAUT32.dll
0x00007ff94cea0000 - 0x00007ff94ced2000 	C:\WINDOWS\SYSTEM32\dbgcore.DLL
0x00007ff96abd0000 - 0x00007ff96ac4b000 	C:\WINDOWS\System32\bcryptPrimitives.dll
0x00007ff9000f0000 - 0x00007ff900115000 	C:\Program Files\Java\jdk-17.0.4.1\bin\java.dll
0x00007ff8ff860000 - 0x00007ff8ff936000 	C:\Program Files\Java\jdk-17.0.4.1\bin\jsvml.dll
0x00007ff96ad80000 - 0x00007ff96b560000 	C:\WINDOWS\System32\SHELL32.dll
0x00007ff968280000 - 0x00007ff968b45000 	C:\WINDOWS\SYSTEM32\windows.storage.dll
0x00007ff968140000 - 0x00007ff96827e000 	C:\WINDOWS\SYSTEM32\wintypes.dll
0x00007ff96c940000 - 0x00007ff96ca31000 	C:\WINDOWS\System32\SHCORE.dll
0x00007ff96c010000 - 0x00007ff96c06e000 	C:\WINDOWS\System32\shlwapi.dll
0x00007ff96a1b0000 - 0x00007ff96a1d1000 	C:\WINDOWS\SYSTEM32\profapi.dll
0x00007ff9260c0000 - 0x00007ff9260d9000 	C:\Program Files\Java\jdk-17.0.4.1\bin\net.dll
0x00007ff963470000 - 0x00007ff96359f000 	C:\WINDOWS\SYSTEM32\WINHTTP.dll
0x00007ff9697f0000 - 0x00007ff969859000 	C:\WINDOWS\system32\mswsock.dll
0x00007ff9000d0000 - 0x00007ff9000e6000 	C:\Program Files\Java\jdk-17.0.4.1\bin\nio.dll
0x00007ff8fff80000 - 0x00007ff8fff98000 	C:\Program Files\Java\jdk-17.0.4.1\bin\zip.dll
0x00000127dfee0000 - 0x00000127dfee3000 	C:\Users\udits\.openjfx\cache\19+11\amd64\api-ms-win-core-console-l1-1-0.dll
0x00000127dfef0000 - 0x00000127dfef3000 	C:\Users\udits\.openjfx\cache\19+11\amd64\api-ms-win-core-console-l1-2-0.dll
0x00000127dff00000 - 0x00000127dff03000 	C:\Users\udits\.openjfx\cache\19+11\amd64\api-ms-win-core-datetime-l1-1-0.dll
0x00000127dff10000 - 0x00000127dff13000 	C:\Users\udits\.openjfx\cache\19+11\amd64\api-ms-win-core-debug-l1-1-0.dll
0x00000127ffe90000 - 0x00000127ffe93000 	C:\Users\udits\.openjfx\cache\19+11\amd64\api-ms-win-core-errorhandling-l1-1-0.dll
0x00000127ffea0000 - 0x00000127ffea4000 	C:\Users\udits\.openjfx\cache\19+11\amd64\api-ms-win-core-file-l1-1-0.dll
0x00000127ffeb0000 - 0x00000127ffeb3000 	C:\Users\udits\.openjfx\cache\19+11\amd64\api-ms-win-core-file-l1-2-0.dll
0x00000127ffec0000 - 0x00000127ffec3000 	C:\Users\udits\.openjfx\cache\19+11\amd64\api-ms-win-core-file-l2-1-0.dll
0x00000127ffed0000 - 0x00000127ffed3000 	C:\Users\udits\.openjfx\cache\19+11\amd64\api-ms-win-core-handle-l1-1-0.dll
0x00000127ffee0000 - 0x00000127ffee3000 	C:\Users\udits\.openjfx\cache\19+11\amd64\api-ms-win-core-heap-l1-1-0.dll
0x00000127ffef0000 - 0x00000127ffef3000 	C:\Users\udits\.openjfx\cache\19+11\amd64\api-ms-win-core-interlocked-l1-1-0.dll
0x00000127843d0000 - 0x00000127843d3000 	C:\Users\udits\.openjfx\cache\19+11\amd64\api-ms-win-core-libraryloader-l1-1-0.dll
0x00000127843e0000 - 0x00000127843e3000 	C:\Users\udits\.openjfx\cache\19+11\amd64\api-ms-win-core-localization-l1-2-0.dll
0x00000127843f0000 - 0x00000127843f3000 	C:\Users\udits\.openjfx\cache\19+11\amd64\api-ms-win-core-memory-l1-1-0.dll
0x0000012784400000 - 0x0000012784403000 	C:\Users\udits\.openjfx\cache\19+11\amd64\api-ms-win-core-namedpipe-l1-1-0.dll
0x0000012784410000 - 0x0000012784413000 	C:\Users\udits\.openjfx\cache\19+11\amd64\api-ms-win-core-processenvironment-l1-1-0.dll
0x0000012784420000 - 0x0000012784423000 	C:\Users\udits\.openjfx\cache\19+11\amd64\api-ms-win-core-processthreads-l1-1-0.dll
0x0000012784430000 - 0x0000012784433000 	C:\Users\udits\.openjfx\cache\19+11\amd64\api-ms-win-core-processthreads-l1-1-1.dll
0x0000012784440000 - 0x0000012784443000 	C:\Users\udits\.openjfx\cache\19+11\amd64\api-ms-win-core-profile-l1-1-0.dll
0x0000012784450000 - 0x0000012784453000 	C:\Users\udits\.openjfx\cache\19+11\amd64\api-ms-win-core-rtlsupport-l1-1-0.dll
0x0000012784460000 - 0x0000012784463000 	C:\Users\udits\.openjfx\cache\19+11\amd64\api-ms-win-core-string-l1-1-0.dll
0x0000012784590000 - 0x0000012784593000 	C:\Users\udits\.openjfx\cache\19+11\amd64\api-ms-win-core-synch-l1-1-0.dll
0x00000127845a0000 - 0x00000127845a3000 	C:\Users\udits\.openjfx\cache\19+11\amd64\api-ms-win-core-synch-l1-2-0.dll
0x00000127845b0000 - 0x00000127845b3000 	C:\Users\udits\.openjfx\cache\19+11\amd64\api-ms-win-core-sysinfo-l1-1-0.dll
0x00000127845c0000 - 0x00000127845c3000 	C:\Users\udits\.openjfx\cache\19+11\amd64\api-ms-win-core-timezone-l1-1-0.dll
0x00000127845d0000 - 0x00000127845d3000 	C:\Users\udits\.openjfx\cache\19+11\amd64\api-ms-win-core-util-l1-1-0.dll
0x0000012784580000 - 0x0000012784583000 	C:\Users\udits\.openjfx\cache\19+11\amd64\api-ms-win-crt-conio-l1-1-0.dll
0x0000012784710000 - 0x0000012784714000 	C:\Users\udits\.openjfx\cache\19+11\amd64\api-ms-win-crt-convert-l1-1-0.dll
0x0000012784720000 - 0x0000012784723000 	C:\Users\udits\.openjfx\cache\19+11\amd64\api-ms-win-crt-environment-l1-1-0.dll
0x0000012784730000 - 0x0000012784733000 	C:\Users\udits\.openjfx\cache\19+11\amd64\api-ms-win-crt-filesystem-l1-1-0.dll
0x0000012784740000 - 0x0000012784743000 	C:\Users\udits\.openjfx\cache\19+11\amd64\api-ms-win-crt-heap-l1-1-0.dll
0x0000012784750000 - 0x0000012784753000 	C:\Users\udits\.openjfx\cache\19+11\amd64\api-ms-win-crt-locale-l1-1-0.dll
0x0000012784760000 - 0x0000012784765000 	C:\Users\udits\.openjfx\cache\19+11\amd64\api-ms-win-crt-math-l1-1-0.dll
0x0000012784770000 - 0x0000012784775000 	C:\Users\udits\.openjfx\cache\19+11\amd64\api-ms-win-crt-multibyte-l1-1-0.dll
0x0000012784780000 - 0x0000012784790000 	C:\Users\udits\.openjfx\cache\19+11\amd64\api-ms-win-crt-private-l1-1-0.dll
0x0000012784790000 - 0x0000012784793000 	C:\Users\udits\.openjfx\cache\19+11\amd64\api-ms-win-crt-process-l1-1-0.dll
0x00000127847a0000 - 0x00000127847a4000 	C:\Users\udits\.openjfx\cache\19+11\amd64\api-ms-win-crt-runtime-l1-1-0.dll
0x00000127847b0000 - 0x00000127847b4000 	C:\Users\udits\.openjfx\cache\19+11\amd64\api-ms-win-crt-stdio-l1-1-0.dll
0x00000127847c0000 - 0x00000127847c4000 	C:\Users\udits\.openjfx\cache\19+11\amd64\api-ms-win-crt-string-l1-1-0.dll
0x00000127847d0000 - 0x00000127847d3000 	C:\Users\udits\.openjfx\cache\19+11\amd64\api-ms-win-crt-time-l1-1-0.dll
0x0000012784470000 - 0x0000012784473000 	C:\Users\udits\.openjfx\cache\19+11\amd64\api-ms-win-crt-utility-l1-1-0.dll
0x00007ff900460000 - 0x00007ff90055c000 	C:\Users\udits\.openjfx\cache\19+11\amd64\ucrtbase.dll
0x00007ff93c490000 - 0x00007ff93c4ab000 	C:\Users\udits\.openjfx\cache\19+11\amd64\vcruntime140.dll
0x00007ff944c60000 - 0x00007ff944c6c000 	C:\Users\udits\.openjfx\cache\19+11\amd64\vcruntime140_1.dll
0x00007ff900f30000 - 0x00007ff900fbe000 	C:\Users\udits\.openjfx\cache\19+11\amd64\msvcp140.dll
0x00007ff940fc0000 - 0x00007ff940fc9000 	C:\Users\udits\.openjfx\cache\19+11\amd64\msvcp140_1.dll
0x00007ff939320000 - 0x00007ff939350000 	C:\Users\udits\.openjfx\cache\19+11\amd64\msvcp140_2.dll
0x00007ff933250000 - 0x00007ff93327c000 	C:\Users\udits\.openjfx\cache\19+11\amd64\prism_d3d.dll
0x00007ff95ed70000 - 0x00007ff95ef19000 	C:\WINDOWS\system32\d3d9.dll
0x00007ff9674c0000 - 0x00007ff9674eb000 	C:\WINDOWS\SYSTEM32\dwmapi.dll
0x00007ff9676f0000 - 0x00007ff967726000 	C:\WINDOWS\SYSTEM32\dxcore.dll
0x00007ff967240000 - 0x00007ff9672eb000 	C:\WINDOWS\system32\uxtheme.dll
0x00007ff9573a0000 - 0x00007ff95755a000 	C:\WINDOWS\System32\DriverStore\FileRepository\u0381698.inf_amd64_c210a171e1a050ef\B381591\aticfx64.dll
0x00007ff8ffa50000 - 0x00007ff8ffa84000 	C:\WINDOWS\System32\DriverStore\FileRepository\u0381698.inf_amd64_c210a171e1a050ef\B381591\atiu9p64.dll
0x00007ff892360000 - 0x00007ff8930b6000 	C:\WINDOWS\System32\DriverStore\FileRepository\u0381698.inf_amd64_c210a171e1a050ef\B381591\atiumd64.dll
0x00007ff96c7a0000 - 0x00007ff96c93c000 	C:\WINDOWS\System32\ole32.dll
0x00000000596b0000 - 0x000000005a56f000 	C:\WINDOWS\System32\DriverStore\FileRepository\u0381698.inf_amd64_c210a171e1a050ef\B381591\atiumd6a.dll
0x00007ff96b720000 - 0x00007ff96bb9a000 	C:\WINDOWS\System32\SETUPAPI.dll
0x00007ff969170000 - 0x00007ff9691bd000 	C:\WINDOWS\SYSTEM32\POWRPROF.dll
0x00007ff969150000 - 0x00007ff969163000 	C:\WINDOWS\SYSTEM32\UMPDC.dll
0x00007ff95c9f0000 - 0x00007ff95ca20000 	C:\WINDOWS\SYSTEM32\amdihk64.dll
0x00007ff963420000 - 0x00007ff963469000 	C:\WINDOWS\SYSTEM32\directxdatabasehelper.dll
0x00007ff927ea0000 - 0x00007ff927ee2000 	C:\Users\udits\.openjfx\cache\19+11\amd64\glass.dll
0x00007ff96c4b0000 - 0x00007ff96c5a6000 	C:\WINDOWS\System32\COMDLG32.dll
0x00007ff8fd650000 - 0x00007ff8fd788000 	C:\ProgramData\A-Volute\A-Volute.Nahimic\Modules\Scheduled\x64\AudioDevProps2.dll
0x00007ff9280f0000 - 0x00007ff92819e000 	C:\ProgramData\A-Volute\A-Volute.Nahimic\Modules\Scheduled\x64\NahimicOSD.dll
0x00007ff9281a0000 - 0x00007ff928207000 	C:\ProgramData\A-Volute\A-Volute.Nahimic\Modules\Scheduled\x64\ProductInfo.dll
0x00007ff96be70000 - 0x00007ff96bf8e000 	C:\WINDOWS\System32\MSCTF.dll

dbghelp: loaded successfully - version: 4.0.5 - missing functions: none
symbol engine: initialized successfully - sym options: 0x614 - pdb path: .;C:\Program Files\Java\jdk-17.0.4.1\bin;C:\WINDOWS\SYSTEM32;C:\WINDOWS\WinSxS\amd64_microsoft.windows.common-controls_6595b64144ccf1df_6.0.22621.436_none_a94247dbc10d8414;C:\Program Files\Java\jdk-17.0.4.1\bin\server;C:\Users\udits\.openjfx\cache\19+11\amd64;C:\WINDOWS\System32\DriverStore\FileRepository\u0381698.inf_amd64_c210a171e1a050ef\B381591;C:\ProgramData\A-Volute\A-Volute.Nahimic\Modules\Scheduled\x64

VM Arguments:
jvm_args: --add-modules=javafx.base,javafx.controls,javafx.fxml,javafx.graphics --module-path=C:\Users\udits\.gradle\caches\modules-2\files-2.1\org.openjfx\javafx-fxml\19\abc5441a6421ceac26bb512e96351bf641ee6004\javafx-fxml-19-win.jar;C:\Users\udits\.gradle\caches\modules-2\files-2.1\org.openjfx\javafx-controls\19\1227311caf209b428591fb7d2cca27e25f06f0b4\javafx-controls-19-win.jar;C:\Users\udits\.gradle\caches\modules-2\files-2.1\org.openjfx\javafx-graphics\19\8e98e30310844cd501f4e03fa3415f6d897c7215\javafx-graphics-19-win.jar;C:\Users\udits\.gradle\caches\modules-2\files-2.1\org.openjfx\javafx-base\19\430bec8a362edb04667972905a7cb34cb165d6d\javafx-base-19-win.jar -Dfile.encoding=windows-1252 -Duser.country=GB -Duser.language=en -Duser.variant 
java_command: VendingMachine.Main
java_class_path (initial): C:\Users\udits\IdeaProjects\vending-machine\app\build\classes\java\main;C:\Users\udits\IdeaProjects\vending-machine\app\build\resources\main;C:\Users\udits\.gradle\caches\modules-2\files-2.1\com.google.guava\guava\30.1.1-jre\87e0fd1df874ea3cbe577702fe6f17068b790fd8\guava-30.1.1-jre.jar;C:\Users\udits\.gradle\caches\modules-2\files-2.1\org.xerial\sqlite-jdbc\3.36.0.3\7fa71c4dfab806490cb909714fb41373ec552c29\sqlite-jdbc-3.36.0.3.jar;C:\Users\udits\.gradle\caches\modules-2\files-2.1\com.opencsv\opencsv\5.3\1f637b84f284885cee002706b63e7677c0d7c867\opencsv-5.3.jar;C:\Users\udits\.gradle\caches\modules-2\files-2.1\com.google.guava\failureaccess\1.0.1\1dcf1de382a0bf95a3d8b0849546c88bac1292c9\failureaccess-1.0.1.jar;C:\Users\udits\.gradle\caches\modules-2\files-2.1\com.google.guava\listenablefuture\9999.0-empty-to-avoid-conflict-with-guava\b421526c5f297295adef1c886e5246c39d4ac629\listenablefuture-9999.0-empty-to-avoid-conflict-with-guava.jar;C:\Users\udits\.gradle\caches\modules-2\files-2.1\com.google.code.findbugs\jsr305\3.0.2\25ea2e8b0c338a877313bd4672d3fe056ea78f0d\jsr305-3.0.2.jar;C:\Users\udits\.gradle\caches\modules-2\files-2.1\org.checkerframework\checker-qual\3.8.0\6b83e4a33220272c3a08991498ba9dc09519f190\checker-qual-3.8.0.jar;C:\Users\udits\.gradle\caches\modules-2\files-2.1\com.google.errorprone\error_prone_annotations\2.5.1\562d366678b89ce5d6b6b82c1a073880341e3fba\error_prone_annotations-2.5.1.jar;C:\Users\udits\.gradle\caches\modules-2\files-2.1\com.google.j2objc\j2objc-annotations\1.3\ba035118bc8bac37d7eff77700720999acd9986d\j2objc-annotations-1.3.jar;C:\Users\udits\.gradle\caches\modules-2\files-2.1\org.apache.commons\commons-text\1.9\ba6ac8c2807490944a0a27f6f8e68fb5ed2e80e2\commons-text-1.9.jar;C:\Users\udits\.gradle\caches\modules-2\files-2.1\org.apache.commons\commons-lang3\3.11\68e9a6adf7cf8eb7e9d31bbc554c7c75eeaac568\commons-lang3-3.11.jar;C:\Users\udits\.gradle\caches\modules-2\files-2.1\commons-beanutils\commons-beanutils\1
Launcher Type: SUN_STANDARD

[Global flags]
     intx CICompilerCount                          = 4                                         {product} {ergonomic}
     uint ConcGCThreads                            = 3                                         {product} {ergonomic}
     uint G1ConcRefinementThreads                  = 10                                        {product} {ergonomic}
   size_t G1HeapRegionSize                         = 2097152                                   {product} {ergonomic}
    uintx GCDrainStackTargetSize                   = 64                                        {product} {ergonomic}
   size_t InitialHeapSize                          = 232783872                                 {product} {ergonomic}
   size_t MarkStackSize                            = 4194304                                   {product} {ergonomic}
   size_t MaxHeapSize                              = 3720347648                                {product} {ergonomic}
   size_t MaxNewSize                               = 2231369728                                {product} {ergonomic}
   size_t MinHeapDeltaBytes                        = 2097152                                   {product} {ergonomic}
   size_t MinHeapSize                              = 8388608                                   {product} {ergonomic}
    uintx NonNMethodCodeHeapSize                   = 5839372                                {pd product} {ergonomic}
    uintx NonProfiledCodeHeapSize                  = 122909434                              {pd product} {ergonomic}
    uintx ProfiledCodeHeapSize                     = 122909434                              {pd product} {ergonomic}
    uintx ReservedCodeCacheSize                    = 251658240                              {pd product} {ergonomic}
     bool SegmentedCodeCache                       = true                                      {product} {ergonomic}
   size_t SoftMaxHeapSize                          = 3720347648                             {manageable} {ergonomic}
     bool UseCompressedClassPointers               = true                           {product lp64_product} {ergonomic}
     bool UseCompressedOops                        = true                           {product lp64_product} {ergonomic}
     bool UseG1GC                                  = true                                      {product} {ergonomic}
     bool UseLargePagesIndividualAllocation        = false                                  {pd product} {ergonomic}

Logging:
Log output configuration:
 #0: stdout all=warning uptime,level,tags
 #1: stderr all=off uptime,level,tags

Environment Variables:
JAVA_HOME=C:\Program Files\Java\jdk-17.0.4.1
CLASSPATH=C:\Gradle\gradle-7.4.2\lib\gradle-launcher-7.4.2.jar
PATH=C:\Program Files\Common Files\Oracle\Java\javapath;C:\Program Files\Quarto\bin;C:\Program Files\Amazon Corretto\jdk1.8.0_322\bin;C:\Program Files (x86)\Common Files\Oracle\Java\javapath;C:\Windows\system32;C:\Windows;C:\Windows\System32\Wbem;C:\Windows\System32\WindowsPowerShell\v1.0\;C:\Windows\System32\OpenSSH\;C:\Program Files (x86)\NVIDIA Corporation\PhysX\Common;C:\Program Files\NVIDIA Corporation\NVIDIA NvDLISR;C:\Program Files\Microsoft VS Code\bin;C:\Program Files\Git\cmd;C:\ProgramData\chocolatey\bin;C:\Program Files\MATLAB\R2021b\bin;C:\Program Files (x86)\dotnet\;C:\Program Files\Java\jdk1.8.0_321\bin;C:\Program Files\PuTTY\;C:\Gradle\gradle-7.4.2\bin;;C:\WINDOWS\system32;C:\WINDOWS;C:\WINDOWS\System32\Wbem;C:\WINDOWS\System32\WindowsPowerShell\v1.0\;C:\WINDOWS\System32\OpenSSH\;C:\Program Files\nodejs\;C:\Program Files (x86)\oh-my-posh\bin;C:\Program Files\GitHub CLI\;C:\Users\udits\AppData\Local\Programs\Python\Python39\Scripts\;C:\Users\udits\AppData\Local\Programs\Python\Python39\;C:\Users\udits\AppData\Local\Microsoft\WindowsApps;C:\Users\udits\AppData\Local\Programs\Hyper\resources\bin;C:\tools\Cmder;C:\Users\udits\AppData\Local\Programs\oh-my-posh\bin;C:\Users\udits\AppData\Local\Programs\oh-my-posh\themes;C:\Users\udits\.dotnet\tools;C:\Program Files\JetBrains\CLion 2021.2.3\bin;;C:\Program Files\JetBrains\PyCharm 2022.2.3\bin;;C:\Users\udits\AppData\Roaming\npm;C:\Program Files\JetBrains\IntelliJ IDEA 2022.2.3\bin;;C:\src\flutter\bin;
USERNAME=udits
OS=Windows_NT
PROCESSOR_IDENTIFIER=AMD64 Family 25 Model 80 Stepping 0, AuthenticAMD



---------------  S Y S T E M  ---------------

OS:
 Windows 11 , 64 bit Build 22621 (10.0.22621.746)
OS uptime: 1 days 9:10 hours
Hyper-V role detected

CPU: total 12 (initial active 12) (12 cores per cpu, 2 threads per core) family 25 model 80 stepping 0 microcode 0x0, cx8, cmov, fxsr, ht, mmx, 3dnowpref, sse, sse2, sse3, ssse3, sse4a, sse4.1, sse4.2, popcnt, lzcnt, tsc, tscinvbit, avx, avx2, aes, erms, clmul, bmi1, bmi2, adx, sha, fma, vzeroupper, clflush, clflushopt, hv

Memory: 4k page, system-wide physical 14188M (1318M free)
TotalPageFile size 41977M (AvailPageFile size 4967M)
current process WorkingSet (physical memory assigned to process): 95M, peak: 95M
current process commit charge ("private bytes"): 361M, peak: 361M

vm_info: Java HotSpot(TM) 64-Bit Server VM (17.0.4.1+1-LTS-2) for windows-amd64 JRE (17.0.4.1+1-LTS-2), built on Aug 16 2022 18:32:06 by "mach5one" with MS VC++ 16.8 / 16.9 (VS2019)

END.
